[INFO ] 2024-06-12 20:09:01.995 [main] ExitTest - Test operation is not active for the search
[WARN ] 2024-06-12 20:09:02.004 [main] ExitTest - Searching is not activated
[INFO ] 2024-06-12 20:09:06.512 [main] ExitTest - Driver is set up
[INFO ] 2024-06-12 20:09:09.168 [main] ExitTest - Website Opened
[INFO ] 2024-06-12 20:09:09.236 [main] ExitTest - Grocery Testing is being performed
[INFO ] 2024-06-12 20:09:14.330 [main] ExitTest - Grocery testing is completed
[WARN ] 2024-06-12 20:09:14.332 [main] ExitTest - Grocery is not activated
[INFO ] 2024-06-12 20:09:15.490 [main] ExitTest - quitting the driver
[INFO ] 2024-06-12 20:09:17.991 [main] ExitTest - Driver is set up
[INFO ] 2024-06-12 20:09:20.602 [main] ExitTest - Website Opened
[WARN ] 2024-06-12 20:09:20.686 [main] ExitTest - Specific Product is not activated
[INFO ] 2024-06-12 20:09:21.782 [main] ExitTest - quitting the driver
[INFO ] 2024-06-12 20:09:24.286 [main] ExitTest - Driver is set up
[INFO ] 2024-06-12 20:09:26.774 [main] ExitTest - Website Opened
[INFO ] 2024-06-12 20:09:26.849 [main] ExitTest - Performing become a seller testigng
[INFO ] 2024-06-12 20:09:34.845 [main] ExitTest - Seller testing completed
[WARN ] 2024-06-12 20:09:34.846 [main] ExitTest - Become seller is not activated
[INFO ] 2024-06-12 20:09:36.069 [main] ExitTest - quitting the driver
[INFO ] 2024-06-12 20:09:38.381 [main] ExitTest - Driver is set up
[INFO ] 2024-06-12 20:09:40.818 [main] ExitTest - Website Opened
[INFO ] 2024-06-12 20:09:40.885 [main] ExitTest - Performing the Fashion testing
[INFO ] 2024-06-12 20:09:46.242 [main] ExitTest - Fashion testing done
[WARN ] 2024-06-12 20:09:46.242 [main] ExitTest - Fashion is not activated
[INFO ] 2024-06-12 20:09:47.401 [main] ExitTest - quitting the driver
[INFO ] 2024-06-12 20:09:49.506 [main] ExitTest - Driver is set up
[INFO ] 2024-06-12 20:09:51.837 [main] ExitTest - Website Opened
[INFO ] 2024-06-12 20:09:51.904 [main] ExitTest - Checking the notification opeartion
[INFO ] 2024-06-12 20:09:53.797 [main] ExitTest - Notification opeartion checking done
[WARN ] 2024-06-12 20:09:53.798 [main] ExitTest - Notification is not activated
[INFO ] 2024-06-12 20:09:54.770 [main] ExitTest - quitting the driver
[INFO ] 2024-06-12 20:09:57.595 [main] ExitTest - Driver is set up
[INFO ] 2024-06-12 20:10:00.150 [main] ExitTest - Website Opened
[INFO ] 2024-06-12 20:10:00.380 [main] ExitTest - Checking the Two Wheeler opeartion
[INFO ] 2024-06-12 20:10:02.330 [main] ExitTest - Two Wheeler opeartion checking done
[WARN ] 2024-06-12 20:10:02.331 [main] ExitTest - Two Wheeler is not activated
[INFO ] 2024-06-12 20:10:03.070 [main] ExitTest - quitting the driver
[INFO ] 2024-06-12 20:10:03.073 [main] ExitTest - quitting the driver
[INFO ] 2024-06-12 20:10:05.300 [main] ExitTest - Driver is set up
[INFO ] 2024-06-12 20:10:07.743 [main] ExitTest - Website Opened
[INFO ] 2024-06-12 20:10:07.910 [main] ExitTest - Electronics Testing is being performed
[INFO ] 2024-06-12 20:10:11.916 [main] ExitTest - Electronics testing is completed
[ERROR] 2024-06-12 20:10:11.916 [main] ExitTest - Electronics is not activated
[INFO ] 2024-06-12 20:10:12.496 [main] ExitTest - quitting the driver
[INFO ] 2024-06-12 20:10:14.399 [main] ExitTest - Driver is set up
[INFO ] 2024-06-12 20:10:16.904 [main] ExitTest - Website Opened
[INFO ] 2024-06-12 20:10:16.965 [main] ExitTest - Rewards Testing is being performed
[INFO ] 2024-06-12 20:10:19.946 [main] ExitTest - Rewards testing is completed
[ERROR] 2024-06-12 20:10:19.947 [main] ExitTest - Rewards is not activated
[INFO ] 2024-06-12 20:10:20.942 [main] ExitTest - quitting the driver
[INFO ] 2024-06-12 20:10:23.318 [main] ExitTest - Driver is set up
[INFO ] 2024-06-12 20:10:25.743 [main] ExitTest - Website Opened
[INFO ] 2024-06-12 20:10:25.826 [main] ExitTest - Checking footer Careers section
[INFO ] 2024-06-12 20:10:31.297 [main] ExitTest - Careers section testing done
[ERROR] 2024-06-12 20:10:31.297 [main] ExitTest - Careers is not activated
[INFO ] 2024-06-12 20:10:32.492 [main] ExitTest - quitting the driver
[INFO ] 2024-06-12 20:10:34.497 [main] ExitTest - Driver is set up
[INFO ] 2024-06-12 20:10:36.903 [main] ExitTest - Website Opened
[INFO ] 2024-06-12 20:10:36.975 [main] ExitTest - Testing the login operation
[INFO ] 2024-06-12 20:10:42.308 [main] ExitTest - quitting the driver
[INFO ] 2024-06-12 20:10:43.925 [main] ExitTest - Driver is set up
[INFO ] 2024-06-12 20:10:46.435 [main] ExitTest - Website Opened
[INFO ] 2024-06-12 20:10:46.672 [main] ExitTest - Testing the signup operation
[INFO ] 2024-06-12 20:10:50.768 [main] ExitTest - quitting the driver
[INFO ] 2024-06-12 20:10:52.742 [main] ExitTest - Driver is set up
[INFO ] 2024-06-12 20:10:53.437 [main] ExitTest - Website Opened
[INFO ] 2024-06-12 20:10:55.306 [main] ExitTest - Testing the shopsy site operation
[INFO ] 2024-06-12 20:10:58.436 [main] ExitTest - Testing of shopsy site operation done
[ERROR] 2024-06-12 20:10:58.436 [main] ExitTest - Shopsy is not activated
[INFO ] 2024-06-12 20:10:59.895 [main] ExitTest - quitting the driver
[INFO ] 2024-06-12 20:11:02.372 [main] ExitTest - Driver is set up
[INFO ] 2024-06-12 20:11:04.915 [main] ExitTest - Website Opened
[INFO ] 2024-06-12 20:11:05.082 [main] ExitTest - Testing the corporate website operation
[INFO ] 2024-06-12 20:11:07.254 [main] ExitTest - Testing of corporate website operation done
[ERROR] 2024-06-12 20:11:07.254 [main] ExitTest - Corporate Website is not activated
[INFO ] 2024-06-12 20:11:08.272 [main] ExitTest - quitting the driver
[INFO ] 2024-06-12 20:11:08.274 [main] ExitTest - quitting the driver
[INFO ] 2024-06-12 20:11:10.348 [main] ExitTest - Driver is set up
[INFO ] 2024-06-12 20:11:12.935 [main] ExitTest - Website Opened
[INFO ] 2024-06-12 20:11:13.127 [main] ExitTest - Testing the Advertising  operation
[INFO ] 2024-06-12 20:11:15.882 [main] ExitTest - Testing of Advertising operation done
[ERROR] 2024-06-12 20:11:15.882 [main] ExitTest - Advertise is not activated
[INFO ] 2024-06-12 20:11:17.003 [main] ExitTest - quitting the driver
[INFO ] 2024-06-12 20:11:19.267 [main] ExitTest - Driver is set up
[INFO ] 2024-06-12 20:11:21.678 [main] ExitTest - Website Opened
[INFO ] 2024-06-12 20:11:21.871 [main] ExitTest - Testing the Furniture  operation
[INFO ] 2024-06-12 20:11:23.480 [main] ExitTest - Testing of Furniture operation done
[ERROR] 2024-06-12 20:11:23.481 [main] ExitTest - Furniture is not activated
[INFO ] 2024-06-12 20:11:24.506 [main] ExitTest - quitting the driver
[INFO ] 2024-06-12 20:11:26.529 [main] ExitTest - Driver is set up
[INFO ] 2024-06-12 20:11:28.941 [main] ExitTest - Website Opened
[INFO ] 2024-06-12 20:11:29.117 [main] ExitTest - Testing the Gift Card  operation
[INFO ] 2024-06-12 20:11:32.401 [main] ExitTest - Testing of Gift Card operation done
[INFO ] 2024-06-12 20:11:33.417 [main] ExitTest - quitting the driver
[INFO ] 2024-06-12 20:11:33.506 [main] ExitTest - Test operation is not active for the GiftCardPersonal
[ERROR] 2024-06-12 20:11:33.508 [main] ExitTest - GiftCardPersonal is not activated
[INFO ] 2024-06-12 20:11:33.512 [main] ExitTest - quitting the driver
[INFO ] 2024-06-12 20:11:35.576 [main] ExitTest - Driver is set up
[INFO ] 2024-06-12 20:11:37.787 [main] ExitTest - Website Opened
[INFO ] 2024-06-12 20:11:37.860 [main] ExitTest - Testing the Checking  operation
[INFO ] 2024-06-12 20:11:39.593 [main] ExitTest - Testing of Checking operation done
[ERROR] 2024-06-12 20:11:39.594 [main] ExitTest - Cart is not activated
[INFO ] 2024-06-12 20:11:40.689 [main] ExitTest - quitting the driver
[INFO ] 2024-06-12 20:11:42.793 [main] ExitTest - Driver is set up
[INFO ] 2024-06-12 20:11:45.202 [main] ExitTest - Website Opened
[INFO ] 2024-06-12 20:11:45.414 [main] ExitTest - Testing the Travel  operation
[INFO ] 2024-06-12 20:12:08.337 [main] ExitTest - quitting the driver
[INFO ] 2024-06-12 20:33:46.842 [main] ExitTest - Test operation is not active for the search
[ERROR] 2024-06-12 20:33:46.842 [main] ExitTest - Searching is not activated
[INFO ] 2024-06-12 20:33:51.330 [main] ExitTest - Driver is set up
[INFO ] 2024-06-12 20:33:56.287 [main] ExitTest - Website Opened
[INFO ] 2024-06-12 20:33:56.507 [main] ExitTest - Grocery Testing is being performed
[INFO ] 2024-06-12 20:34:12.532 [main] ExitTest - quitting the driver
[INFO ] 2024-06-12 20:34:14.640 [main] ExitTest - Driver is set up
[INFO ] 2024-06-12 20:34:17.164 [main] ExitTest - Website Opened
[ERROR] 2024-06-12 20:34:17.381 [main] ExitTest - Specific Product is not activated
[INFO ] 2024-06-12 20:34:18.916 [main] ExitTest - quitting the driver
[INFO ] 2024-06-12 20:34:21.373 [main] ExitTest - Driver is set up
[INFO ] 2024-06-12 20:34:22.203 [main] ExitTest - Website Opened
[INFO ] 2024-06-12 20:34:24.384 [main] ExitTest - Performing become a seller testigng
[INFO ] 2024-06-12 20:34:38.564 [main] ExitTest - Seller testing completed
[INFO ] 2024-06-12 20:34:40.356 [main] ExitTest - quitting the driver
[INFO ] 2024-06-12 20:34:42.933 [main] ExitTest - Driver is set up
[INFO ] 2024-06-12 20:34:45.264 [main] ExitTest - Website Opened
[INFO ] 2024-06-12 20:34:45.512 [main] ExitTest - Performing the Fashion testing
[INFO ] 2024-06-12 20:34:53.059 [main] ExitTest - Fashion testing done
[INFO ] 2024-06-12 20:34:55.188 [main] ExitTest - quitting the driver
[INFO ] 2024-06-12 20:34:58.076 [main] ExitTest - Driver is set up
[INFO ] 2024-06-12 20:35:00.598 [main] ExitTest - Website Opened
[INFO ] 2024-06-12 20:35:00.643 [main] ExitTest - Checking the notification opeartion
[INFO ] 2024-06-12 20:35:02.681 [main] ExitTest - Notification opeartion checking done
[INFO ] 2024-06-12 20:35:03.987 [main] ExitTest - quitting the driver
[INFO ] 2024-06-12 20:35:06.507 [main] ExitTest - Driver is set up
[INFO ] 2024-06-12 20:35:09.080 [main] ExitTest - Website Opened
[INFO ] 2024-06-12 20:35:09.135 [main] ExitTest - Checking the Two Wheeler opeartion
[INFO ] 2024-06-12 20:35:11.354 [main] ExitTest - Two Wheeler opeartion checking done
[INFO ] 2024-06-12 20:35:12.723 [main] ExitTest - quitting the driver
[INFO ] 2024-06-12 20:35:12.723 [main] ExitTest - quitting the driver
[INFO ] 2024-06-12 20:35:15.549 [main] ExitTest - Driver is set up
[INFO ] 2024-06-12 20:35:17.857 [main] ExitTest - Website Opened
[INFO ] 2024-06-12 20:35:17.908 [main] ExitTest - Electronics Testing is being performed
[INFO ] 2024-06-12 20:35:22.591 [main] ExitTest - Electronics testing is completed
[INFO ] 2024-06-12 20:35:23.956 [main] ExitTest - quitting the driver
[INFO ] 2024-06-12 20:35:26.584 [main] ExitTest - Driver is set up
[INFO ] 2024-06-12 20:35:29.001 [main] ExitTest - Website Opened
[INFO ] 2024-06-12 20:35:29.083 [main] ExitTest - Rewards Testing is being performed
[INFO ] 2024-06-12 20:35:30.830 [main] ExitTest - Rewards testing is completed
[INFO ] 2024-06-12 20:35:32.339 [main] ExitTest - quitting the driver
[INFO ] 2024-06-12 20:35:34.753 [main] ExitTest - Driver is set up
[INFO ] 2024-06-12 20:35:37.180 [main] ExitTest - Website Opened
[INFO ] 2024-06-12 20:35:37.248 [main] ExitTest - Checking footer Careers section
[INFO ] 2024-06-12 20:35:44.436 [main] ExitTest - quitting the driver
[INFO ] 2024-06-12 20:35:47.189 [main] ExitTest - Driver is set up
[INFO ] 2024-06-12 20:35:49.614 [main] ExitTest - Website Opened
[INFO ] 2024-06-12 20:35:49.665 [main] ExitTest - Testing the login operation
[INFO ] 2024-06-12 20:35:54.256 [main] ExitTest - quitting the driver
[INFO ] 2024-06-12 20:35:56.989 [main] ExitTest - Driver is set up
[INFO ] 2024-06-12 20:35:59.134 [main] ExitTest - Website Opened
[INFO ] 2024-06-12 20:35:59.205 [main] ExitTest - Testing the signup operation
[INFO ] 2024-06-12 20:36:04.012 [main] ExitTest - quitting the driver
[INFO ] 2024-06-12 20:36:06.654 [main] ExitTest - Driver is set up
[INFO ] 2024-06-12 20:36:09.279 [main] ExitTest - Website Opened
[INFO ] 2024-06-12 20:36:09.492 [main] ExitTest - Testing the shopsy site operation
[INFO ] 2024-06-12 20:36:16.484 [main] ExitTest - Testing of shopsy site operation done
[INFO ] 2024-06-12 20:36:18.365 [main] ExitTest - quitting the driver
[INFO ] 2024-06-12 20:36:21.049 [main] ExitTest - Driver is set up
[INFO ] 2024-06-12 20:36:23.416 [main] ExitTest - Website Opened
[INFO ] 2024-06-12 20:36:23.614 [main] ExitTest - Testing the corporate website operation
[INFO ] 2024-06-12 20:36:25.767 [main] ExitTest - Testing of corporate website operation done
[INFO ] 2024-06-12 20:36:27.249 [main] ExitTest - quitting the driver
[INFO ] 2024-06-12 20:36:27.249 [main] ExitTest - quitting the driver
[INFO ] 2024-06-12 20:36:29.878 [main] ExitTest - Driver is set up
[INFO ] 2024-06-12 20:36:32.204 [main] ExitTest - Website Opened
[INFO ] 2024-06-12 20:36:32.364 [main] ExitTest - Testing the Advertising  operation
[INFO ] 2024-06-12 20:36:35.142 [main] ExitTest - Testing of Advertising operation done
[INFO ] 2024-06-12 20:36:36.654 [main] ExitTest - quitting the driver
[INFO ] 2024-06-12 20:36:39.220 [main] ExitTest - Driver is set up
[INFO ] 2024-06-12 20:36:42.398 [main] ExitTest - Website Opened
[INFO ] 2024-06-12 20:36:42.556 [main] ExitTest - Testing the Furniture  operation
[INFO ] 2024-06-12 20:36:44.098 [main] ExitTest - Testing of Furniture operation done
[INFO ] 2024-06-12 20:36:45.673 [main] ExitTest - quitting the driver
[INFO ] 2024-06-12 20:36:48.080 [main] ExitTest - Driver is set up
[INFO ] 2024-06-12 20:36:50.721 [main] ExitTest - Website Opened
[INFO ] 2024-06-12 20:36:50.772 [main] ExitTest - Testing the Gift Card  operation
[INFO ] 2024-06-12 20:36:54.155 [main] ExitTest - Testing of Gift Card operation done
[INFO ] 2024-06-12 20:36:55.732 [main] ExitTest - quitting the driver
[INFO ] 2024-06-12 20:36:55.811 [main] ExitTest - Test operation is not active for the GiftCardPersonal
[ERROR] 2024-06-12 20:36:55.811 [main] ExitTest - GiftCardPersonal is not activated
[INFO ] 2024-06-12 20:36:55.811 [main] ExitTest - quitting the driver
[INFO ] 2024-06-12 20:36:58.429 [main] ExitTest - Driver is set up
[INFO ] 2024-06-12 20:37:01.348 [main] ExitTest - Website Opened
[INFO ] 2024-06-12 20:37:01.555 [main] ExitTest - Testing the Checking  operation
[INFO ] 2024-06-12 20:37:03.337 [main] ExitTest - Testing of Checking operation done
[INFO ] 2024-06-12 20:37:04.754 [main] ExitTest - quitting the driver
[INFO ] 2024-06-12 20:37:07.269 [main] ExitTest - Driver is set up
[INFO ] 2024-06-12 20:37:09.942 [main] ExitTest - Website Opened
[INFO ] 2024-06-12 20:37:09.989 [main] ExitTest - Testing the Travel  operation
[INFO ] 2024-06-12 20:37:33.765 [main] ExitTest - quitting the driver
[INFO ] 2024-06-12 20:37:33.765 [main] ExitTest - quitting the driver
[INFO ] 2024-06-12 20:56:32.174 [main] ExitTest - Driver is set up
[INFO ] 2024-06-12 20:56:34.598 [main] ExitTest - Website Opened
[INFO ] 2024-06-12 20:56:34.669 [main] ExitTest - Testing the Travel  operation
[INFO ] 2024-06-12 20:56:42.938 [main] ExitTest - quitting the driver
[INFO ] 2024-06-12 20:56:42.944 [main] ExitTest - quitting the driver
[INFO ] 2024-06-12 21:00:46.460 [main] ExitTest - Driver is set up
[INFO ] 2024-06-12 21:00:48.773 [main] ExitTest - Website Opened
[INFO ] 2024-06-12 21:00:48.862 [main] ExitTest - Testing the Travel  operation
[INFO ] 2024-06-12 21:00:50.729 [main] ExitTest - Testing of Travel operation done
[INFO ] 2024-06-12 21:00:51.601 [main] ExitTest - quitting the driver
[INFO ] 2024-06-12 21:00:51.605 [main] ExitTest - quitting the driver
[INFO ] 2024-06-12 21:01:05.814 [main] ExitTest - Test operation is not active for the search
[ERROR] 2024-06-12 21:01:05.823 [main] ExitTest - Searching is not activated
[INFO ] 2024-06-12 21:01:08.641 [main] ExitTest - Driver is set up
[INFO ] 2024-06-12 21:01:10.943 [main] ExitTest - Website Opened
[INFO ] 2024-06-12 21:01:11.118 [main] ExitTest - Grocery Testing is being performed
[INFO ] 2024-06-12 21:01:16.941 [main] ExitTest - Grocery testing is completed
[INFO ] 2024-06-12 21:01:17.651 [main] ExitTest - quitting the driver
[INFO ] 2024-06-12 21:01:19.481 [main] ExitTest - Driver is set up
[INFO ] 2024-06-12 21:01:21.709 [main] ExitTest - Website Opened
[ERROR] 2024-06-12 21:01:21.758 [main] ExitTest - Specific Product is not activated
[INFO ] 2024-06-12 21:01:22.365 [main] ExitTest - quitting the driver
[INFO ] 2024-06-12 21:01:23.733 [main] ExitTest - Driver is set up
[INFO ] 2024-06-12 21:01:26.226 [main] ExitTest - Website Opened
[INFO ] 2024-06-12 21:01:26.282 [main] ExitTest - Performing become a seller testigng
[INFO ] 2024-06-12 21:01:35.131 [main] ExitTest - Seller testing completed
[INFO ] 2024-06-12 21:01:35.790 [main] ExitTest - quitting the driver
[INFO ] 2024-06-12 21:01:37.546 [main] ExitTest - Driver is set up
[INFO ] 2024-06-12 21:01:39.691 [main] ExitTest - Website Opened
[INFO ] 2024-06-12 21:01:39.741 [main] ExitTest - Performing the Fashion testing
[INFO ] 2024-06-12 21:01:45.227 [main] ExitTest - Fashion testing done
[INFO ] 2024-06-12 21:01:45.981 [main] ExitTest - quitting the driver
[INFO ] 2024-06-12 21:01:47.440 [main] ExitTest - Driver is set up
[INFO ] 2024-06-12 21:01:49.934 [main] ExitTest - Website Opened
[INFO ] 2024-06-12 21:01:49.977 [main] ExitTest - Checking the notification opeartion
[INFO ] 2024-06-12 21:01:51.887 [main] ExitTest - Notification opeartion checking done
[INFO ] 2024-06-12 21:01:52.455 [main] ExitTest - quitting the driver
[INFO ] 2024-06-12 21:01:54.071 [main] ExitTest - Driver is set up
[INFO ] 2024-06-12 21:01:56.496 [main] ExitTest - Website Opened
[INFO ] 2024-06-12 21:01:56.548 [main] ExitTest - Checking the Two Wheeler opeartion
[INFO ] 2024-06-12 21:01:58.519 [main] ExitTest - Two Wheeler opeartion checking done
[INFO ] 2024-06-12 21:01:59.291 [main] ExitTest - quitting the driver
[INFO ] 2024-06-12 21:01:59.293 [main] ExitTest - quitting the driver
[INFO ] 2024-06-12 21:02:00.968 [main] ExitTest - Driver is set up
[INFO ] 2024-06-12 21:02:03.460 [main] ExitTest - Website Opened
[INFO ] 2024-06-12 21:02:03.626 [main] ExitTest - Electronics Testing is being performed
[INFO ] 2024-06-12 21:02:08.855 [main] ExitTest - Electronics testing is completed
[INFO ] 2024-06-12 21:02:09.457 [main] ExitTest - quitting the driver
[INFO ] 2024-06-12 21:02:11.041 [main] ExitTest - Driver is set up
[INFO ] 2024-06-12 21:02:13.375 [main] ExitTest - Website Opened
[INFO ] 2024-06-12 21:02:13.415 [main] ExitTest - Rewards Testing is being performed
[INFO ] 2024-06-12 21:02:19.519 [main] ExitTest - Rewards testing is completed
[INFO ] 2024-06-12 21:02:20.161 [main] ExitTest - quitting the driver
[INFO ] 2024-06-12 21:02:21.764 [main] ExitTest - Driver is set up
[INFO ] 2024-06-12 21:02:24.154 [main] ExitTest - Website Opened
[INFO ] 2024-06-12 21:02:24.202 [main] ExitTest - Checking footer Careers section
[INFO ] 2024-06-12 21:02:32.162 [main] ExitTest - quitting the driver
[INFO ] 2024-06-12 21:02:33.400 [main] ExitTest - Driver is set up
[INFO ] 2024-06-12 21:02:35.490 [main] ExitTest - Website Opened
[INFO ] 2024-06-12 21:02:35.541 [main] ExitTest - Testing the login operation
[INFO ] 2024-06-12 21:02:39.373 [main] ExitTest - quitting the driver
[INFO ] 2024-06-12 21:02:40.952 [main] ExitTest - Driver is set up
[INFO ] 2024-06-12 21:02:43.676 [main] ExitTest - Website Opened
[INFO ] 2024-06-12 21:02:43.890 [main] ExitTest - Testing the signup operation
[INFO ] 2024-06-12 21:02:47.739 [main] ExitTest - quitting the driver
[INFO ] 2024-06-12 21:02:49.246 [main] ExitTest - Driver is set up
[INFO ] 2024-06-12 21:02:52.656 [main] ExitTest - Website Opened
[INFO ] 2024-06-12 21:02:52.704 [main] ExitTest - Testing the shopsy site operation
[INFO ] 2024-06-12 21:03:01.828 [main] ExitTest - Testing of shopsy site operation done
[INFO ] 2024-06-12 21:03:02.730 [main] ExitTest - quitting the driver
[INFO ] 2024-06-12 21:03:04.431 [main] ExitTest - Driver is set up
[INFO ] 2024-06-12 21:03:06.710 [main] ExitTest - Website Opened
[INFO ] 2024-06-12 21:03:06.754 [main] ExitTest - Testing the corporate website operation
[INFO ] 2024-06-12 21:03:09.003 [main] ExitTest - Testing of corporate website operation done
[INFO ] 2024-06-12 21:03:09.775 [main] ExitTest - quitting the driver
[INFO ] 2024-06-12 21:03:09.776 [main] ExitTest - quitting the driver
[INFO ] 2024-06-12 21:03:11.386 [main] ExitTest - Driver is set up
[INFO ] 2024-06-12 21:03:13.857 [main] ExitTest - Website Opened
[INFO ] 2024-06-12 21:03:13.927 [main] ExitTest - Testing the Advertising  operation
[INFO ] 2024-06-12 21:03:16.928 [main] ExitTest - Testing of Advertising operation done
[INFO ] 2024-06-12 21:03:17.685 [main] ExitTest - quitting the driver
[INFO ] 2024-06-12 21:03:19.301 [main] ExitTest - Driver is set up
[INFO ] 2024-06-12 21:03:21.584 [main] ExitTest - Website Opened
[INFO ] 2024-06-12 21:03:21.635 [main] ExitTest - Testing the Furniture  operation
[INFO ] 2024-06-12 21:03:23.224 [main] ExitTest - Testing of Furniture operation done
[INFO ] 2024-06-12 21:03:23.849 [main] ExitTest - quitting the driver
[INFO ] 2024-06-12 21:03:25.530 [main] ExitTest - Driver is set up
[INFO ] 2024-06-12 21:03:27.869 [main] ExitTest - Website Opened
[INFO ] 2024-06-12 21:03:28.017 [main] ExitTest - Testing the Gift Card  operation
[INFO ] 2024-06-12 21:03:31.123 [main] ExitTest - Testing of Gift Card operation done
[INFO ] 2024-06-12 21:03:31.921 [main] ExitTest - quitting the driver
[INFO ] 2024-06-12 21:03:31.962 [main] ExitTest - Test operation is not active for the GiftCardPersonal
[ERROR] 2024-06-12 21:03:31.963 [main] ExitTest - GiftCardPersonal is not activated
[INFO ] 2024-06-12 21:03:31.965 [main] ExitTest - quitting the driver
[INFO ] 2024-06-12 21:03:33.579 [main] ExitTest - Driver is set up
[INFO ] 2024-06-12 21:03:35.971 [main] ExitTest - Website Opened
[INFO ] 2024-06-12 21:03:36.020 [main] ExitTest - Testing the Checking  operation
[INFO ] 2024-06-12 21:03:37.956 [main] ExitTest - Testing of Checking operation done
[INFO ] 2024-06-12 21:03:38.614 [main] ExitTest - quitting the driver
[INFO ] 2024-06-12 21:03:40.200 [main] ExitTest - Driver is set up
[INFO ] 2024-06-12 21:03:42.453 [main] ExitTest - Website Opened
[INFO ] 2024-06-12 21:03:42.498 [main] ExitTest - Testing the Travel  operation
[INFO ] 2024-06-12 21:03:44.630 [main] ExitTest - Testing of Travel operation done
[INFO ] 2024-06-12 21:03:45.303 [main] ExitTest - quitting the driver
[INFO ] 2024-06-12 21:03:45.304 [main] ExitTest - quitting the driver
[INFO ] 2024-06-12 21:25:33.581 [main] ExitTest - Test operation is not active for the search
[INFO ] 2024-06-12 21:25:38.848 [main] ExitTest - Driver is set up
[INFO ] 2024-06-12 21:25:41.337 [main] ExitTest - Website Opened
[INFO ] 2024-06-12 21:25:41.399 [main] ExitTest - Electronics Testing is being performed
[INFO ] 2024-06-12 21:25:44.413 [main] ExitTest - Electronics testing is completed
[INFO ] 2024-06-12 21:25:45.486 [main] ExitTest - Quitting the driver
[INFO ] 2024-06-12 21:25:45.488 [main] ExitTest - Driver is set up
[INFO ] 2024-06-12 21:25:48.128 [main] ExitTest - Driver is set up
[INFO ] 2024-06-12 21:25:50.671 [main] ExitTest - Website Opened
[INFO ] 2024-06-12 21:25:50.744 [main] ExitTest - Testing the Advertising  operation
[INFO ] 2024-06-12 21:25:53.782 [main] ExitTest - Testing of Advertising operation done
[INFO ] 2024-06-12 21:25:54.732 [main] ExitTest - Quitting the driver
[INFO ] 2024-06-12 21:25:54.735 [main] ExitTest - Driver is set up
[INFO ] 2024-06-12 21:28:13.007 [main] ExitTest - Test operation is not active for the search
[ERROR] 2024-06-12 21:28:13.013 [main] ExitTest - Searching is not activated
[INFO ] 2024-06-12 21:28:47.215 [main] ExitTest - Driver is set up
[INFO ] 2024-06-12 21:28:49.679 [main] ExitTest - Website Opened
[INFO ] 2024-06-12 21:28:49.918 [main] ExitTest - Grocery Testing is being performed
[INFO ] 2024-06-12 21:28:56.292 [main] ExitTest - Grocery testing is completed
[INFO ] 2024-06-12 21:28:57.487 [main] ExitTest - quitting the driver
[INFO ] 2024-06-12 21:28:57.488 [main] ExitTest - quitting the driver
[INFO ] 2024-06-12 21:30:01.073 [main] ExitTest - Test operation is not active for the search
[ERROR] 2024-06-12 21:30:01.083 [main] ExitTest - Searching is not activated
[INFO ] 2024-06-12 21:30:04.210 [main] ExitTest - Driver is set up
[INFO ] 2024-06-12 21:30:06.483 [main] ExitTest - Website Opened
[INFO ] 2024-06-12 21:30:06.578 [main] ExitTest - Grocery Testing is being performed
[INFO ] 2024-06-12 21:30:10.774 [main] ExitTest - Grocery testing is completed
[INFO ] 2024-06-12 21:30:11.549 [main] ExitTest - quitting the driver
[INFO ] 2024-06-12 21:30:14.029 [main] ExitTest - Driver is set up
[INFO ] 2024-06-12 21:30:16.674 [main] ExitTest - Website Opened
[ERROR] 2024-06-12 21:30:16.853 [main] ExitTest - Specific Product is not activated
[INFO ] 2024-06-12 21:30:17.789 [main] ExitTest - quitting the driver
[INFO ] 2024-06-12 21:30:20.040 [main] ExitTest - Driver is set up
[INFO ] 2024-06-12 21:30:22.354 [main] ExitTest - Website Opened
[INFO ] 2024-06-12 21:30:22.428 [main] ExitTest - Performing become a seller testigng
[INFO ] 2024-06-12 21:30:30.120 [main] ExitTest - Seller testing completed
[INFO ] 2024-06-12 21:30:31.213 [main] ExitTest - quitting the driver
[INFO ] 2024-06-12 21:30:33.199 [main] ExitTest - Driver is set up
[INFO ] 2024-06-12 21:30:35.691 [main] ExitTest - Website Opened
[INFO ] 2024-06-12 21:30:35.757 [main] ExitTest - Performing the Fashion testing
[INFO ] 2024-06-12 21:30:43.463 [main] ExitTest - Fashion testing done
[INFO ] 2024-06-12 21:30:44.554 [main] ExitTest - quitting the driver
[INFO ] 2024-06-12 21:30:47.113 [main] ExitTest - Driver is set up
[INFO ] 2024-06-12 21:30:49.725 [main] ExitTest - Website Opened
[INFO ] 2024-06-12 21:30:49.896 [main] ExitTest - Checking the notification opeartion
[INFO ] 2024-06-12 21:30:51.817 [main] ExitTest - Notification opeartion checking done
[INFO ] 2024-06-12 21:30:53.138 [main] ExitTest - quitting the driver
[INFO ] 2024-06-12 21:30:54.900 [main] ExitTest - Driver is set up
[INFO ] 2024-06-12 21:30:57.270 [main] ExitTest - Website Opened
[INFO ] 2024-06-12 21:30:57.342 [main] ExitTest - Checking the Two Wheeler opeartion
[INFO ] 2024-06-12 21:30:59.445 [main] ExitTest - Two Wheeler opeartion checking done
[INFO ] 2024-06-12 21:31:00.553 [main] ExitTest - quitting the driver
[INFO ] 2024-06-12 21:31:00.555 [main] ExitTest - quitting the driver
[INFO ] 2024-06-12 21:31:03.082 [main] ExitTest - Driver is set up
[INFO ] 2024-06-12 21:31:05.714 [main] ExitTest - Website Opened
[INFO ] 2024-06-12 21:31:05.790 [main] ExitTest - Electronics Testing is being performed
[INFO ] 2024-06-12 21:31:08.674 [main] ExitTest - Electronics testing is completed
[INFO ] 2024-06-12 21:31:11.549 [main] ExitTest - quitting the driver
[INFO ] 2024-06-12 21:31:14.023 [main] ExitTest - Driver is set up
[INFO ] 2024-06-12 21:31:16.700 [main] ExitTest - Website Opened
[INFO ] 2024-06-12 21:31:16.883 [main] ExitTest - Rewards Testing is being performed
[INFO ] 2024-06-12 21:31:20.158 [main] ExitTest - Rewards testing is completed
[INFO ] 2024-06-12 21:31:21.236 [main] ExitTest - quitting the driver
[INFO ] 2024-06-12 21:31:23.366 [main] ExitTest - Driver is set up
[INFO ] 2024-06-12 21:31:25.573 [main] ExitTest - Website Opened
[INFO ] 2024-06-12 21:31:25.750 [main] ExitTest - Checking footer Careers section
[INFO ] 2024-06-12 21:31:33.714 [main] ExitTest - Careers section testing done
[INFO ] 2024-06-12 21:31:34.730 [main] ExitTest - quitting the driver
[INFO ] 2024-06-12 21:31:36.853 [main] ExitTest - Driver is set up
[INFO ] 2024-06-12 21:31:42.028 [main] ExitTest - Website Opened
[INFO ] 2024-06-12 21:31:42.221 [main] ExitTest - Testing the login operation
[INFO ] 2024-06-12 21:31:48.384 [main] ExitTest - quitting the driver
[INFO ] 2024-06-12 21:31:49.970 [main] ExitTest - Driver is set up
[INFO ] 2024-06-12 21:31:52.717 [main] ExitTest - Website Opened
[INFO ] 2024-06-12 21:31:52.787 [main] ExitTest - Testing the signup operation
[INFO ] 2024-06-12 21:31:57.195 [main] ExitTest - quitting the driver
[INFO ] 2024-06-12 21:31:58.939 [main] ExitTest - Driver is set up
[INFO ] 2024-06-12 21:32:01.613 [main] ExitTest - Website Opened
[INFO ] 2024-06-12 21:32:01.701 [main] ExitTest - Testing the shopsy site operation
[INFO ] 2024-06-12 21:32:06.012 [main] ExitTest - Testing of shopsy site operation done
[INFO ] 2024-06-12 21:32:07.613 [main] ExitTest - quitting the driver
[INFO ] 2024-06-12 21:32:09.705 [main] ExitTest - Driver is set up
[INFO ] 2024-06-12 21:32:12.268 [main] ExitTest - Website Opened
[INFO ] 2024-06-12 21:32:12.344 [main] ExitTest - Testing the corporate website operation
[INFO ] 2024-06-12 21:32:16.375 [main] ExitTest - Testing of corporate website operation done
[INFO ] 2024-06-12 21:32:17.033 [main] ExitTest - quitting the driver
[INFO ] 2024-06-12 21:32:17.034 [main] ExitTest - quitting the driver
[INFO ] 2024-06-12 21:32:19.034 [main] ExitTest - Driver is set up
[INFO ] 2024-06-12 21:32:21.633 [main] ExitTest - Website Opened
[INFO ] 2024-06-12 21:32:21.703 [main] ExitTest - Testing the Advertising  operation
[INFO ] 2024-06-12 21:32:25.179 [main] ExitTest - Testing of Advertising operation done
[INFO ] 2024-06-12 21:32:26.242 [main] ExitTest - quitting the driver
[INFO ] 2024-06-12 21:32:28.738 [main] ExitTest - Driver is set up
[INFO ] 2024-06-12 21:32:31.158 [main] ExitTest - Website Opened
[INFO ] 2024-06-12 21:32:31.338 [main] ExitTest - Testing the Furniture  operation
[INFO ] 2024-06-12 21:32:32.903 [main] ExitTest - Testing of Furniture operation done
[INFO ] 2024-06-12 21:32:33.860 [main] ExitTest - quitting the driver
[INFO ] 2024-06-12 21:32:36.530 [main] ExitTest - Driver is set up
[INFO ] 2024-06-12 21:32:39.094 [main] ExitTest - Website Opened
[INFO ] 2024-06-12 21:32:39.165 [main] ExitTest - Testing the Gift Card  operation
[INFO ] 2024-06-12 21:32:42.738 [main] ExitTest - Testing of Gift Card operation done
[INFO ] 2024-06-12 21:32:43.847 [main] ExitTest - quitting the driver
[INFO ] 2024-06-12 21:32:43.895 [main] ExitTest - Test operation is not active for the GiftCardPersonal
[ERROR] 2024-06-12 21:32:43.898 [main] ExitTest - GiftCardPersonal is not activated
[INFO ] 2024-06-12 21:32:43.901 [main] ExitTest - quitting the driver
[INFO ] 2024-06-12 21:32:45.998 [main] ExitTest - Driver is set up
[INFO ] 2024-06-12 21:32:48.578 [main] ExitTest - Website Opened
[INFO ] 2024-06-12 21:32:48.645 [main] ExitTest - Testing the Checking  operation
[INFO ] 2024-06-12 21:32:50.423 [main] ExitTest - Testing of Checking operation done
[INFO ] 2024-06-12 21:32:51.540 [main] ExitTest - quitting the driver
[INFO ] 2024-06-12 21:32:53.644 [main] ExitTest - Driver is set up
[INFO ] 2024-06-12 21:32:56.139 [main] ExitTest - Website Opened
[INFO ] 2024-06-12 21:32:56.318 [main] ExitTest - Testing the Travel  operation
[INFO ] 2024-06-12 21:32:58.129 [main] ExitTest - Testing of Travel operation done
[INFO ] 2024-06-12 21:32:59.192 [main] ExitTest - quitting the driver
[INFO ] 2024-06-12 21:32:59.194 [main] ExitTest - quitting the driver
[ERROR] 2024-06-12 21:45:23.123 [main] ExitTest - Test operation is not active for the search
[ERROR] 2024-06-12 21:45:23.136 [main] ExitTest - Searching is not activated
[INFO ] 2024-06-12 21:45:34.400 [main] ExitTest - Driver is set up
[INFO ] 2024-06-12 21:45:39.268 [main] ExitTest - Website Opened
[INFO ] 2024-06-12 21:45:39.495 [main] ExitTest - Grocery Testing is being performed
[INFO ] 2024-06-12 21:45:46.916 [main] ExitTest - Grocery testing is completed
[INFO ] 2024-06-12 21:45:48.283 [main] ExitTest - quitting the driver
[INFO ] 2024-06-12 21:45:48.291 [main] ExitTest - quitting the driver
[INFO ] 2024-06-12 21:51:07.372 [main] ExitTest - Driver is set up
[INFO ] 2024-06-12 21:51:09.784 [main] ExitTest - Website Opened
[INFO ] 2024-06-12 21:51:09.863 [main] ExitTest - Grocery Testing is being performed
[INFO ] 2024-06-12 21:51:13.826 [main] ExitTest - Grocery testing is completed
[INFO ] 2024-06-12 21:51:15.172 [main] ExitTest - quitting the driver
[INFO ] 2024-06-12 21:51:15.183 [main] ExitTest - quitting the driver
[ERROR] 2024-06-12 21:51:55.483 [main] ExitTest - Test operation is not active for the search
[ERROR] 2024-06-12 21:51:55.491 [main] ExitTest - Searching is not activated
[INFO ] 2024-06-12 21:51:58.793 [main] ExitTest - Driver is set up
[INFO ] 2024-06-12 21:52:01.379 [main] ExitTest - Website Opened
[INFO ] 2024-06-12 21:52:01.443 [main] ExitTest - Grocery Testing is being performed
[INFO ] 2024-06-12 21:52:06.912 [main] ExitTest - Grocery testing is completed
[INFO ] 2024-06-12 21:52:08.098 [main] ExitTest - quitting the driver
[INFO ] 2024-06-12 21:52:08.224 [main] ExitTest - Driver is set up
[INFO ] 2024-06-12 21:52:08.570 [main] ExitTest - Driver is set up
[INFO ] 2024-06-12 21:52:08.743 [main] ExitTest - Driver is set up
[ERROR] 2024-06-12 21:54:36.357 [main] ExitTest - Test operation is not active for the search
[ERROR] 2024-06-12 21:54:36.365 [main] ExitTest - Searching is not activated
[INFO ] 2024-06-12 21:54:39.489 [main] ExitTest - Driver is set up
[INFO ] 2024-06-12 21:54:41.829 [main] ExitTest - Website Opened
[INFO ] 2024-06-12 21:54:41.896 [main] ExitTest - Grocery Testing is being performed
[INFO ] 2024-06-12 21:54:45.861 [main] ExitTest - Grocery testing is completed
[INFO ] 2024-06-12 21:54:46.885 [main] ExitTest - quitting the driver
[INFO ] 2024-06-12 21:54:46.931 [main] ExitTest - Driver is set up
[INFO ] 2024-06-12 21:54:47.093 [main] ExitTest - Driver is set up
[INFO ] 2024-06-12 21:54:47.174 [main] ExitTest - Driver is set up
[ERROR] 2024-06-12 21:55:02.936 [main] ExitTest - Test operation is not active for the search
[ERROR] 2024-06-12 21:55:02.943 [main] ExitTest - Searching is not activated
[INFO ] 2024-06-12 21:55:06.052 [main] ExitTest - Driver is set up
[INFO ] 2024-06-12 21:55:08.441 [main] ExitTest - Website Opened
[INFO ] 2024-06-12 21:55:08.636 [main] ExitTest - Grocery Testing is being performed
[INFO ] 2024-06-12 21:55:12.466 [main] ExitTest - Grocery testing is completed
[INFO ] 2024-06-12 21:55:13.565 [main] ExitTest - quitting the driver
[INFO ] 2024-06-12 21:55:13.675 [main] ExitTest - Driver is set up
[INFO ] 2024-06-12 21:55:14.068 [main] ExitTest - Driver is set up
[INFO ] 2024-06-12 21:55:14.194 [main] ExitTest - Driver is set up
[ERROR] 2024-06-12 21:56:34.456 [main] ExitTest - Test operation is not active for the search
[ERROR] 2024-06-12 21:56:34.466 [main] ExitTest - Searching is not activated
[INFO ] 2024-06-12 21:56:37.176 [main] ExitTest - Driver is set up
[INFO ] 2024-06-12 21:56:39.829 [main] ExitTest - Website Opened
[INFO ] 2024-06-12 21:56:39.908 [main] ExitTest - Grocery Testing is being performed
[INFO ] 2024-06-12 21:56:43.723 [main] ExitTest - Grocery testing is completed
[INFO ] 2024-06-12 21:56:44.450 [main] ExitTest - quitting the driver
[INFO ] 2024-06-12 21:56:44.540 [main] ExitTest - Driver is set up
[INFO ] 2024-06-12 21:56:44.890 [main] ExitTest - Driver is set up
[INFO ] 2024-06-12 21:56:45.068 [main] ExitTest - Driver is set up
[ERROR] 2024-06-12 21:58:38.670 [main] ExitTest - Test operation is not active for the search
[ERROR] 2024-06-12 21:58:38.677 [main] ExitTest - Searching is not activated
[INFO ] 2024-06-12 21:58:41.382 [main] ExitTest - Driver is set up
[INFO ] 2024-06-12 21:58:43.990 [main] ExitTest - Website Opened
[INFO ] 2024-06-12 21:58:44.052 [main] ExitTest - Grocery Testing is being performed
[INFO ] 2024-06-12 21:58:49.461 [main] ExitTest - Grocery testing is completed
[INFO ] 2024-06-12 21:58:50.591 [main] ExitTest - quitting the driver
[INFO ] 2024-06-12 21:58:52.567 [main] ExitTest - Driver is set up
[INFO ] 2024-06-12 21:58:55.587 [main] ExitTest - Website Opened
[ERROR] 2024-06-12 21:58:55.765 [main] ExitTest - Specific Product is not activated
[INFO ] 2024-06-12 21:58:56.702 [main] ExitTest - quitting the driver
[INFO ] 2024-06-12 21:58:59.481 [main] ExitTest - Driver is set up
[INFO ] 2024-06-12 21:59:01.938 [main] ExitTest - Website Opened
[INFO ] 2024-06-12 21:59:01.997 [main] ExitTest - Performing become a seller testigng
[INFO ] 2024-06-12 21:59:11.688 [main] ExitTest - Seller testing completed
[INFO ] 2024-06-12 21:59:12.819 [main] ExitTest - quitting the driver
[INFO ] 2024-06-12 21:59:15.232 [main] ExitTest - Driver is set up
[INFO ] 2024-06-12 21:59:19.266 [main] ExitTest - Website Opened
[INFO ] 2024-06-12 21:59:19.324 [main] ExitTest - Performing the Fashion testing
[INFO ] 2024-06-12 21:59:27.653 [main] ExitTest - Fashion testing done
[INFO ] 2024-06-12 21:59:28.763 [main] ExitTest - quitting the driver
[INFO ] 2024-06-12 21:59:31.334 [main] ExitTest - Driver is set up
[INFO ] 2024-06-12 21:59:33.847 [main] ExitTest - Website Opened
[INFO ] 2024-06-12 21:59:33.918 [main] ExitTest - Checking the notification opeartion
[INFO ] 2024-06-12 21:59:35.816 [main] ExitTest - Notification opeartion checking done
[INFO ] 2024-06-12 21:59:36.809 [main] ExitTest - quitting the driver
[INFO ] 2024-06-12 21:59:39.420 [main] ExitTest - Driver is set up
[INFO ] 2024-06-12 21:59:41.854 [main] ExitTest - Website Opened
[INFO ] 2024-06-12 21:59:41.936 [main] ExitTest - Checking the Two Wheeler opeartion
[INFO ] 2024-06-12 21:59:43.856 [main] ExitTest - Two Wheeler opeartion checking done
[INFO ] 2024-06-12 21:59:44.789 [main] ExitTest - quitting the driver
[INFO ] 2024-06-12 21:59:44.792 [main] ExitTest - quitting the driver
[INFO ] 2024-06-12 21:59:47.051 [main] ExitTest - Driver is set up
[INFO ] 2024-06-12 21:59:50.469 [main] ExitTest - Website Opened
[INFO ] 2024-06-12 21:59:50.641 [main] ExitTest - Electronics Testing is being performed
[INFO ] 2024-06-12 21:59:53.652 [main] ExitTest - Electronics testing is completed
[INFO ] 2024-06-12 21:59:54.878 [main] ExitTest - quitting the driver
[INFO ] 2024-06-12 21:59:57.105 [main] ExitTest - Driver is set up
[INFO ] 2024-06-12 21:59:59.551 [main] ExitTest - Website Opened
[INFO ] 2024-06-12 21:59:59.607 [main] ExitTest - Rewards Testing is being performed
[INFO ] 2024-06-12 22:00:01.440 [main] ExitTest - Rewards testing is completed
[INFO ] 2024-06-12 22:00:02.455 [main] ExitTest - quitting the driver
[INFO ] 2024-06-12 22:00:04.818 [main] ExitTest - Driver is set up
[INFO ] 2024-06-12 22:00:07.271 [main] ExitTest - Website Opened
[INFO ] 2024-06-12 22:00:07.333 [main] ExitTest - Checking footer Careers section
[INFO ] 2024-06-12 22:00:15.785 [main] ExitTest - Careers section testing done
[INFO ] 2024-06-12 22:00:16.824 [main] ExitTest - quitting the driver
[INFO ] 2024-06-12 22:00:19.422 [main] ExitTest - Driver is set up
[INFO ] 2024-06-12 22:00:21.855 [main] ExitTest - Website Opened
[INFO ] 2024-06-12 22:00:21.921 [main] ExitTest - Testing the login operation
[INFO ] 2024-06-12 22:00:27.642 [main] ExitTest - quitting the driver
[INFO ] 2024-06-12 22:00:29.423 [main] ExitTest - Driver is set up
[INFO ] 2024-06-12 22:00:31.711 [main] ExitTest - Website Opened
[INFO ] 2024-06-12 22:00:31.784 [main] ExitTest - Testing the signup operation
[INFO ] 2024-06-12 22:00:36.352 [main] ExitTest - quitting the driver
[INFO ] 2024-06-12 22:00:38.140 [main] ExitTest - Driver is set up
[INFO ] 2024-06-12 22:00:40.534 [main] ExitTest - Website Opened
[INFO ] 2024-06-12 22:00:40.607 [main] ExitTest - Testing the shopsy site operation
[INFO ] 2024-06-12 22:00:44.861 [main] ExitTest - Testing of shopsy site operation done
[INFO ] 2024-06-12 22:00:46.221 [main] ExitTest - quitting the driver
[INFO ] 2024-06-12 22:00:48.430 [main] ExitTest - Driver is set up
[INFO ] 2024-06-12 22:00:51.240 [main] ExitTest - Website Opened
[INFO ] 2024-06-12 22:00:51.417 [main] ExitTest - Testing the corporate website operation
[INFO ] 2024-06-12 22:00:53.493 [main] ExitTest - Testing of corporate website operation done
[INFO ] 2024-06-12 22:00:54.086 [main] ExitTest - quitting the driver
[INFO ] 2024-06-12 22:00:54.088 [main] ExitTest - quitting the driver
[INFO ] 2024-06-12 22:00:55.944 [main] ExitTest - Driver is set up
[INFO ] 2024-06-12 22:00:58.496 [main] ExitTest - Website Opened
[INFO ] 2024-06-12 22:00:58.564 [main] ExitTest - Testing the Advertising  operation
[INFO ] 2024-06-12 22:01:01.949 [main] ExitTest - Testing of Advertising operation done
[INFO ] 2024-06-12 22:01:02.495 [main] ExitTest - quitting the driver
[INFO ] 2024-06-12 22:01:04.969 [main] ExitTest - Driver is set up
[INFO ] 2024-06-12 22:01:07.097 [main] ExitTest - Website Opened
[INFO ] 2024-06-12 22:01:07.153 [main] ExitTest - Testing the Furniture  operation
[INFO ] 2024-06-12 22:01:08.913 [main] ExitTest - Testing of Furniture operation done
[INFO ] 2024-06-12 22:01:09.911 [main] ExitTest - quitting the driver
[INFO ] 2024-06-12 22:01:12.398 [main] ExitTest - Driver is set up
[INFO ] 2024-06-12 22:01:15.157 [main] ExitTest - Website Opened
[INFO ] 2024-06-12 22:01:15.283 [main] ExitTest - Testing the Gift Card  operation
[INFO ] 2024-06-12 22:01:18.908 [main] ExitTest - Testing of Gift Card operation done
[INFO ] 2024-06-12 22:01:19.998 [main] ExitTest - quitting the driver
[ERROR] 2024-06-12 22:01:20.050 [main] ExitTest - Test operation is not active for the GiftCardPersonal
[ERROR] 2024-06-12 22:01:20.052 [main] ExitTest - GiftCardPersonal is not activated
[INFO ] 2024-06-12 22:01:20.054 [main] ExitTest - quitting the driver
[INFO ] 2024-06-12 22:01:21.838 [main] ExitTest - Driver is set up
[INFO ] 2024-06-12 22:01:24.408 [main] ExitTest - Website Opened
[INFO ] 2024-06-12 22:01:24.471 [main] ExitTest - Testing the Checking  operation
[INFO ] 2024-06-12 22:01:26.284 [main] ExitTest - Testing of Checking operation done
[INFO ] 2024-06-12 22:01:27.338 [main] ExitTest - quitting the driver
[INFO ] 2024-06-12 22:01:29.240 [main] ExitTest - Driver is set up
[INFO ] 2024-06-12 22:01:31.633 [main] ExitTest - Website Opened
[INFO ] 2024-06-12 22:01:31.703 [main] ExitTest - Testing the Travel  operation
[INFO ] 2024-06-12 22:01:35.278 [main] ExitTest - Testing of Travel operation done
[INFO ] 2024-06-12 22:01:36.358 [main] ExitTest - quitting the driver
[INFO ] 2024-06-12 22:01:36.360 [main] ExitTest - quitting the driver
[INFO ] 2024-06-12 22:37:19.260 [main] ExitTest - Driver is set up
[INFO ] 2024-06-12 22:37:21.995 [main] ExitTest - Website Opened
[INFO ] 2024-06-12 22:37:22.206 [main] ExitTest - Grocery Testing is being performed
[INFO ] 2024-06-12 22:37:27.202 [main] ExitTest - Grocery testing is completed
[INFO ] 2024-06-12 22:37:28.622 [main] ExitTest - quitting the driver
[INFO ] 2024-06-12 22:37:28.622 [main] ExitTest - quitting the driver
[INFO ] 2024-06-13 01:08:37.280 [main] ExitTest - Driver is set up
[INFO ] 2024-06-13 01:08:41.610 [main] ExitTest - Website Opened
[INFO ] 2024-06-13 01:08:41.789 [main] ExitTest - Grocery Testing is being performed
[INFO ] 2024-06-13 01:08:48.685 [main] ExitTest - Grocery testing is completed
[INFO ] 2024-06-13 01:08:49.645 [main] ExitTest - quitting the driver
[INFO ] 2024-06-13 01:08:49.645 [main] ExitTest - quitting the driver
[INFO ] 2024-06-13 10:19:20.454 [main] ExitTest - Driver is set up
[INFO ] 2024-06-13 10:19:22.901 [main] ExitTest - Website Opened
[INFO ] 2024-06-13 10:19:23.076 [main] ExitTest - Grocery Testing is being performed
[INFO ] 2024-06-13 10:19:27.053 [main] ExitTest - Grocery testing is completed
[INFO ] 2024-06-13 10:19:28.483 [main] ExitTest - quitting the driver
[INFO ] 2024-06-13 10:19:28.496 [main] ExitTest - quitting the driver
[INFO ] 2024-06-13 11:04:40.152 [main] ExitTest - Driver is set up
[INFO ] 2024-06-13 11:04:42.658 [main] ExitTest - Website Opened
[INFO ] 2024-06-13 11:04:42.815 [main] ExitTest - Checking footer Careers section
[INFO ] 2024-06-13 11:04:50.454 [main] ExitTest - Careers section testing done
[INFO ] 2024-06-13 11:04:52.079 [main] ExitTest - quitting the driver
[INFO ] 2024-06-13 11:04:52.095 [main] ExitTest - quitting the driver
[INFO ] 2024-06-13 11:09:49.692 [main] ExitTest - Driver is set up
[INFO ] 2024-06-13 11:09:51.795 [main] ExitTest - Website Opened
[INFO ] 2024-06-13 11:09:52.010 [main] ExitTest - Testing the login operation
[INFO ] 2024-06-13 11:09:56.532 [main] ExitTest - quitting the driver
[INFO ] 2024-06-13 11:09:56.542 [main] ExitTest - quitting the driver
[INFO ] 2024-06-13 11:11:01.223 [main] ExitTest - Driver is set up
[INFO ] 2024-06-13 11:11:03.091 [main] ExitTest - Website Opened
[INFO ] 2024-06-13 11:11:03.183 [main] ExitTest - Testing the signup operation
[INFO ] 2024-06-13 11:11:07.371 [main] ExitTest - quitting the driver
[INFO ] 2024-06-13 11:11:07.378 [main] ExitTest - quitting the driver
[INFO ] 2024-06-13 11:17:39.576 [main] ExitTest - Driver is set up
[INFO ] 2024-06-13 11:17:41.587 [main] ExitTest - Website Opened
[INFO ] 2024-06-13 11:17:41.772 [main] ExitTest - Testing the Advertising  operation
[INFO ] 2024-06-13 11:17:44.839 [main] ExitTest - Testing of Advertising operation done
[INFO ] 2024-06-13 11:17:46.268 [main] ExitTest - quitting the driver
[INFO ] 2024-06-13 11:17:46.268 [main] ExitTest - quitting the driver
[INFO ] 2024-06-13 11:21:36.447 [main] ExitTest - Driver is set up
[INFO ] 2024-06-13 11:21:38.299 [main] ExitTest - Website Opened
[INFO ] 2024-06-13 11:21:38.454 [main] ExitTest - Testing the Gift Card Failure  operation
[INFO ] 2024-06-13 11:21:44.641 [main] ExitTest - Testing of Gift Card Failure operation done
[INFO ] 2024-06-13 11:21:46.030 [main] ExitTest - quitting the driver
[INFO ] 2024-06-13 11:21:46.030 [main] ExitTest - quitting the driver
[ERROR] 2024-06-13 11:50:05.331 [main] ExitTest - Test operation is not active for the search
[ERROR] 2024-06-13 11:50:05.350 [main] ExitTest - Searching is not activated
[INFO ] 2024-06-13 11:50:11.230 [main] ExitTest - Driver is set up
[INFO ] 2024-06-13 11:50:13.279 [main] ExitTest - Website Opened
[INFO ] 2024-06-13 11:50:13.449 [main] ExitTest - Grocery Testing is being performed
[INFO ] 2024-06-13 11:50:16.870 [main] ExitTest - Grocery testing is completed
[INFO ] 2024-06-13 11:50:17.470 [main] ExitTest - quitting the driver
[INFO ] 2024-06-13 11:50:19.700 [main] ExitTest - Driver is set up
[INFO ] 2024-06-13 11:50:21.602 [main] ExitTest - Website Opened
[ERROR] 2024-06-13 11:50:21.667 [main] ExitTest - Specific Product is not activated
[INFO ] 2024-06-13 11:50:22.507 [main] ExitTest - quitting the driver
[INFO ] 2024-06-13 11:50:24.531 [main] ExitTest - Driver is set up
[INFO ] 2024-06-13 11:50:26.525 [main] ExitTest - Website Opened
[INFO ] 2024-06-13 11:50:26.699 [main] ExitTest - Performing become a seller testigng
[INFO ] 2024-06-13 11:50:36.004 [main] ExitTest - Seller testing completed
[INFO ] 2024-06-13 11:50:36.853 [main] ExitTest - quitting the driver
[INFO ] 2024-06-13 11:50:38.831 [main] ExitTest - Driver is set up
[INFO ] 2024-06-13 11:50:41.925 [main] ExitTest - Website Opened
[INFO ] 2024-06-13 11:50:42.128 [main] ExitTest - Performing the Fashion testing
[INFO ] 2024-06-13 11:50:52.044 [main] ExitTest - quitting the driver
[INFO ] 2024-06-13 11:50:54.106 [main] ExitTest - Driver is set up
[INFO ] 2024-06-13 11:50:56.002 [main] ExitTest - Website Opened
[INFO ] 2024-06-13 11:50:56.078 [main] ExitTest - Checking the notification opeartion
[INFO ] 2024-06-13 11:50:58.042 [main] ExitTest - Notification opeartion checking done
[INFO ] 2024-06-13 11:50:58.781 [main] ExitTest - quitting the driver
[INFO ] 2024-06-13 11:51:00.811 [main] ExitTest - Driver is set up
[INFO ] 2024-06-13 11:51:02.803 [main] ExitTest - Website Opened
[INFO ] 2024-06-13 11:51:03.004 [main] ExitTest - Checking the Two Wheeler opeartion
[INFO ] 2024-06-13 11:51:09.007 [main] ExitTest - quitting the driver
[INFO ] 2024-06-13 11:51:09.008 [main] ExitTest - quitting the driver
[INFO ] 2024-06-13 11:51:11.541 [main] ExitTest - Driver is set up
[INFO ] 2024-06-13 11:51:13.433 [main] ExitTest - Website Opened
[INFO ] 2024-06-13 11:51:13.494 [main] ExitTest - Electronics Testing is being performed
[INFO ] 2024-06-13 11:51:20.728 [main] ExitTest - quitting the driver
[INFO ] 2024-06-13 11:51:22.758 [main] ExitTest - Driver is set up
[INFO ] 2024-06-13 11:51:24.569 [main] ExitTest - Website Opened
[INFO ] 2024-06-13 11:51:24.643 [main] ExitTest - Rewards Testing is being performed
[INFO ] 2024-06-13 11:51:27.496 [main] ExitTest - Rewards testing is completed
[INFO ] 2024-06-13 11:51:28.264 [main] ExitTest - quitting the driver
[INFO ] 2024-06-13 11:51:30.219 [main] ExitTest - Driver is set up
[INFO ] 2024-06-13 11:51:32.118 [main] ExitTest - Website Opened
[INFO ] 2024-06-13 11:51:32.174 [main] ExitTest - Checking footer Careers section
[INFO ] 2024-06-13 11:51:37.831 [main] ExitTest - Careers section testing done
[INFO ] 2024-06-13 11:51:38.668 [main] ExitTest - quitting the driver
[INFO ] 2024-06-13 11:51:40.978 [main] ExitTest - Driver is set up
[INFO ] 2024-06-13 11:51:43.005 [main] ExitTest - Website Opened
[INFO ] 2024-06-13 11:51:43.068 [main] ExitTest - Testing the login operation
[ERROR] 2024-06-13 12:32:37.909 [main] ExitTest - Test operation is not active for the search
[ERROR] 2024-06-13 12:32:37.916 [main] ExitTest - Searching is not activated
[INFO ] 2024-06-13 12:32:42.065 [main] ExitTest - Driver is set up
[INFO ] 2024-06-13 12:32:44.320 [main] ExitTest - Website Opened
[INFO ] 2024-06-13 12:32:44.515 [main] ExitTest - Grocery Testing is being performed
[INFO ] 2024-06-13 12:32:50.940 [main] ExitTest - Grocery testing is completed
[INFO ] 2024-06-13 12:32:52.069 [main] ExitTest - quitting the driver
[INFO ] 2024-06-13 12:32:54.749 [main] ExitTest - Driver is set up
[INFO ] 2024-06-13 12:32:58.283 [main] ExitTest - Website Opened
[ERROR] 2024-06-13 12:32:58.459 [main] ExitTest - Specific Product is not activated
[INFO ] 2024-06-13 12:32:59.470 [main] ExitTest - quitting the driver
[INFO ] 2024-06-13 12:33:02.201 [main] ExitTest - Driver is set up
[INFO ] 2024-06-13 12:33:02.717 [main] ExitTest - Website Opened
[INFO ] 2024-06-13 12:33:04.260 [main] ExitTest - Performing become a seller testigng
[INFO ] 2024-06-13 12:33:13.013 [main] ExitTest - Seller testing completed
[INFO ] 2024-06-13 12:33:14.178 [main] ExitTest - quitting the driver
[INFO ] 2024-06-13 12:33:17.006 [main] ExitTest - Driver is set up
[INFO ] 2024-06-13 12:33:19.115 [main] ExitTest - Website Opened
[INFO ] 2024-06-13 12:33:19.295 [main] ExitTest - Performing the Fashion testing
[INFO ] 2024-06-13 12:33:29.740 [main] ExitTest - quitting the driver
[INFO ] 2024-06-13 12:33:31.954 [main] ExitTest - Driver is set up
[INFO ] 2024-06-13 12:33:34.476 [main] ExitTest - Website Opened
[INFO ] 2024-06-13 12:33:34.642 [main] ExitTest - Checking the notification opeartion
[INFO ] 2024-06-13 12:33:36.545 [main] ExitTest - Notification opeartion checking done
[INFO ] 2024-06-13 12:33:37.705 [main] ExitTest - quitting the driver
[INFO ] 2024-06-13 12:33:40.166 [main] ExitTest - Driver is set up
[INFO ] 2024-06-13 12:33:42.419 [main] ExitTest - Website Opened
[INFO ] 2024-06-13 12:33:42.481 [main] ExitTest - Checking the Two Wheeler opeartion
[INFO ] 2024-06-13 12:33:48.540 [main] ExitTest - quitting the driver
[INFO ] 2024-06-13 12:34:41.710 [main] ExitTest - Driver is set up
[INFO ] 2024-06-13 12:34:43.939 [main] ExitTest - Website Opened
[ERROR] 2024-06-13 12:34:44.016 [main] ExitTest - Specific Product is not activated
[INFO ] 2024-06-13 12:34:44.994 [main] ExitTest - quitting the driver
[INFO ] 2024-06-13 12:34:44.999 [main] ExitTest - quitting the driver
[INFO ] 2024-06-13 12:35:45.464 [main] ExitTest - Driver is set up
[INFO ] 2024-06-13 12:35:47.687 [main] ExitTest - Website Opened
[ERROR] 2024-06-13 12:35:47.795 [main] ExitTest - Specific Product is not activated
[INFO ] 2024-06-13 12:35:48.921 [main] ExitTest - quitting the driver
[INFO ] 2024-06-13 12:35:48.928 [main] ExitTest - quitting the driver
[INFO ] 2024-06-13 12:36:15.118 [main] ExitTest - Driver is set up
[INFO ] 2024-06-13 12:36:17.200 [main] ExitTest - Website Opened
[ERROR] 2024-06-13 12:36:17.271 [main] ExitTest - Specific Product is not activated
[INFO ] 2024-06-13 12:36:18.176 [main] ExitTest - quitting the driver
[INFO ] 2024-06-13 12:36:18.181 [main] ExitTest - quitting the driver
[INFO ] 2024-06-13 12:36:51.580 [main] ExitTest - Driver is set up
[INFO ] 2024-06-13 12:36:53.729 [main] ExitTest - Website Opened
[ERROR] 2024-06-13 12:36:53.825 [main] ExitTest - Specific Product is not activated
[INFO ] 2024-06-13 12:36:54.874 [main] ExitTest - quitting the driver
[INFO ] 2024-06-13 12:36:54.879 [main] ExitTest - quitting the driver
[INFO ] 2024-06-13 12:37:38.108 [main] ExitTest - Driver is set up
[INFO ] 2024-06-13 12:37:40.207 [main] ExitTest - Website Opened
[INFO ] 2024-06-13 12:37:40.395 [main] ExitTest - Grocery Testing is being performed
[INFO ] 2024-06-13 12:37:44.349 [main] ExitTest - Grocery testing is completed
[INFO ] 2024-06-13 12:37:45.176 [main] ExitTest - quitting the driver
[INFO ] 2024-06-13 12:37:45.176 [main] ExitTest - quitting the driver
[INFO ] 2024-06-13 12:37:53.669 [main] ExitTest - Driver is set up
[INFO ] 2024-06-13 12:37:55.765 [main] ExitTest - Website Opened
[ERROR] 2024-06-13 12:37:56.013 [main] ExitTest - Specific Product is not activated
[INFO ] 2024-06-13 12:37:57.280 [main] ExitTest - quitting the driver
[INFO ] 2024-06-13 12:37:57.283 [main] ExitTest - quitting the driver
[INFO ] 2024-06-13 12:38:40.012 [main] ExitTest - Driver is set up
[INFO ] 2024-06-13 12:38:42.230 [main] ExitTest - Website Opened
[ERROR] 2024-06-13 12:38:42.399 [main] ExitTest - Specific Product is not activated
[INFO ] 2024-06-13 12:38:43.701 [main] ExitTest - quitting the driver
[INFO ] 2024-06-13 12:38:43.708 [main] ExitTest - quitting the driver
[INFO ] 2024-06-13 12:41:37.383 [main] ExitTest - Driver is set up
[INFO ] 2024-06-13 12:41:39.554 [main] ExitTest - Website Opened
[ERROR] 2024-06-13 12:41:39.634 [main] ExitTest - Specific Product is not activated
[INFO ] 2024-06-13 12:41:40.670 [main] ExitTest - quitting the driver
[INFO ] 2024-06-13 12:41:40.676 [main] ExitTest - quitting the driver
[INFO ] 2024-06-13 12:42:57.486 [main] ExitTest - Driver is set up
[INFO ] 2024-06-13 12:42:59.460 [main] ExitTest - Website Opened
[INFO ] 2024-06-13 12:42:59.666 [main] ExitTest - Performing add to item testing opeartion
[INFO ] 2024-06-13 12:43:16.245 [main] ExitTest - quitting the driver
[INFO ] 2024-06-13 12:43:16.245 [main] ExitTest - quitting the driver
[INFO ] 2024-06-13 12:45:17.848 [main] ExitTest - Driver is set up
[INFO ] 2024-06-13 12:45:20.115 [main] ExitTest - Website Opened
[INFO ] 2024-06-13 12:45:20.181 [main] ExitTest - Performing add to item testing opeartion
[INFO ] 2024-06-13 12:45:37.022 [main] ExitTest - quitting the driver
[INFO ] 2024-06-13 12:45:37.034 [main] ExitTest - quitting the driver
[INFO ] 2024-06-13 12:48:46.563 [main] ExitTest - Driver is set up
[INFO ] 2024-06-13 12:48:48.932 [main] ExitTest - Website Opened
[INFO ] 2024-06-13 12:48:49.108 [main] ExitTest - Performing add to item testing opeartion
[INFO ] 2024-06-13 12:48:59.517 [main] ExitTest - Add to cart performed successfully
[INFO ] 2024-06-13 12:49:00.686 [main] ExitTest - quitting the driver
[INFO ] 2024-06-13 12:49:00.686 [main] ExitTest - quitting the driver
[ERROR] 2024-06-13 12:49:49.918 [main] ExitTest - Test operation is not active for the search
[ERROR] 2024-06-13 12:49:49.925 [main] ExitTest - Searching is not activated
[INFO ] 2024-06-13 12:49:53.312 [main] ExitTest - Driver is set up
[INFO ] 2024-06-13 12:49:55.551 [main] ExitTest - Website Opened
[INFO ] 2024-06-13 12:49:55.610 [main] ExitTest - Grocery Testing is being performed
[INFO ] 2024-06-13 12:49:59.527 [main] ExitTest - Grocery testing is completed
[INFO ] 2024-06-13 12:50:00.808 [main] ExitTest - quitting the driver
[INFO ] 2024-06-13 12:50:03.377 [main] ExitTest - Driver is set up
[INFO ] 2024-06-13 12:50:05.248 [main] ExitTest - Website Opened
[INFO ] 2024-06-13 12:50:05.328 [main] ExitTest - Performing add to item testing opeartion
[INFO ] 2024-06-13 12:50:12.996 [main] ExitTest - Add to cart performed successfully
[INFO ] 2024-06-13 12:50:14.106 [main] ExitTest - quitting the driver
[INFO ] 2024-06-13 12:50:16.997 [main] ExitTest - Driver is set up
[INFO ] 2024-06-13 12:50:19.382 [main] ExitTest - Website Opened
[INFO ] 2024-06-13 12:50:19.455 [main] ExitTest - Performing become a seller testigng
[INFO ] 2024-06-13 12:50:27.619 [main] ExitTest - Seller testing completed
[INFO ] 2024-06-13 12:50:28.693 [main] ExitTest - quitting the driver
[INFO ] 2024-06-13 12:50:31.263 [main] ExitTest - Driver is set up
[INFO ] 2024-06-13 12:50:33.520 [main] ExitTest - Website Opened
[INFO ] 2024-06-13 12:50:33.629 [main] ExitTest - Performing the Fashion testing
[INFO ] 2024-06-13 12:50:49.633 [main] ExitTest - quitting the driver
[INFO ] 2024-06-13 12:50:52.218 [main] ExitTest - Driver is set up
[INFO ] 2024-06-13 12:50:54.742 [main] ExitTest - Website Opened
[INFO ] 2024-06-13 12:50:54.800 [main] ExitTest - Checking the notification opeartion
[INFO ] 2024-06-13 12:50:56.788 [main] ExitTest - Notification opeartion checking done
[INFO ] 2024-06-13 12:50:57.925 [main] ExitTest - quitting the driver
[INFO ] 2024-06-13 12:51:00.189 [main] ExitTest - Driver is set up
[INFO ] 2024-06-13 12:51:01.230 [main] ExitTest - Website Opened
[INFO ] 2024-06-13 12:51:02.869 [main] ExitTest - Checking the Two Wheeler opeartion
[INFO ] 2024-06-13 12:51:15.904 [main] ExitTest - quitting the driver
[INFO ] 2024-06-13 12:51:15.904 [main] ExitTest - quitting the driver
[INFO ] 2024-06-13 12:51:18.177 [main] ExitTest - Driver is set up
[INFO ] 2024-06-13 12:51:20.465 [main] ExitTest - Website Opened
[INFO ] 2024-06-13 12:51:20.526 [main] ExitTest - Electronics Testing is being performed
[INFO ] 2024-06-13 12:51:32.973 [main] ExitTest - quitting the driver
[INFO ] 2024-06-13 12:51:35.378 [main] ExitTest - Driver is set up
[INFO ] 2024-06-13 12:51:37.499 [main] ExitTest - Website Opened
[INFO ] 2024-06-13 12:51:37.555 [main] ExitTest - Rewards Testing is being performed
[INFO ] 2024-06-13 12:51:40.802 [main] ExitTest - Rewards testing is completed
[INFO ] 2024-06-13 12:51:41.678 [main] ExitTest - quitting the driver
[INFO ] 2024-06-13 12:51:43.966 [main] ExitTest - Driver is set up
[INFO ] 2024-06-13 12:51:46.104 [main] ExitTest - Website Opened
[INFO ] 2024-06-13 12:51:46.164 [main] ExitTest - Checking footer Careers section
[INFO ] 2024-06-13 12:51:51.332 [main] ExitTest - Careers section testing done
[INFO ] 2024-06-13 12:51:52.352 [main] ExitTest - quitting the driver
[INFO ] 2024-06-13 12:51:54.824 [main] ExitTest - Driver is set up
[INFO ] 2024-06-13 12:51:56.921 [main] ExitTest - Website Opened
[INFO ] 2024-06-13 12:51:56.980 [main] ExitTest - Testing the login operation
[INFO ] 2024-06-13 12:52:01.528 [main] ExitTest - quitting the driver
[INFO ] 2024-06-13 12:52:03.656 [main] ExitTest - Driver is set up
[INFO ] 2024-06-13 12:52:05.745 [main] ExitTest - Website Opened
[INFO ] 2024-06-13 12:52:05.794 [main] ExitTest - Testing the signup operation
[INFO ] 2024-06-13 12:52:10.228 [main] ExitTest - quitting the driver
[INFO ] 2024-06-13 12:52:12.722 [main] ExitTest - Driver is set up
[INFO ] 2024-06-13 12:52:14.601 [main] ExitTest - Website Opened
[INFO ] 2024-06-13 12:52:14.650 [main] ExitTest - Testing the shopsy site operation
[INFO ] 2024-06-13 12:52:18.035 [main] ExitTest - Testing of shopsy site operation done
[INFO ] 2024-06-13 12:52:19.227 [main] ExitTest - quitting the driver
[INFO ] 2024-06-13 12:52:21.382 [main] ExitTest - Driver is set up
[INFO ] 2024-06-13 12:52:23.423 [main] ExitTest - Website Opened
[INFO ] 2024-06-13 12:52:23.474 [main] ExitTest - Testing the corporate website operation
[INFO ] 2024-06-13 12:52:25.290 [main] ExitTest - Testing of corporate website operation done
[INFO ] 2024-06-13 12:52:26.199 [main] ExitTest - quitting the driver
[INFO ] 2024-06-13 12:52:26.201 [main] ExitTest - quitting the driver
[INFO ] 2024-06-13 12:52:28.545 [main] ExitTest - Driver is set up
[INFO ] 2024-06-13 12:52:30.538 [main] ExitTest - Website Opened
[INFO ] 2024-06-13 12:52:30.599 [main] ExitTest - Testing the Advertising  operation
[INFO ] 2024-06-13 12:52:33.158 [main] ExitTest - Testing of Advertising operation done
[INFO ] 2024-06-13 12:52:34.049 [main] ExitTest - quitting the driver
[INFO ] 2024-06-13 12:52:36.146 [main] ExitTest - Driver is set up
[INFO ] 2024-06-13 12:52:38.381 [main] ExitTest - Website Opened
[INFO ] 2024-06-13 12:52:38.564 [main] ExitTest - Testing the Furniture  operation
[INFO ] 2024-06-13 12:52:51.555 [main] ExitTest - quitting the driver
[INFO ] 2024-06-13 12:52:53.999 [main] ExitTest - Driver is set up
[INFO ] 2024-06-13 12:52:56.043 [main] ExitTest - Website Opened
[INFO ] 2024-06-13 12:52:56.107 [main] ExitTest - Testing the Gift Card  operation
[INFO ] 2024-06-13 12:52:59.802 [main] ExitTest - Testing of Gift Card operation done
[INFO ] 2024-06-13 12:53:01.045 [main] ExitTest - quitting the driver
[INFO ] 2024-06-13 12:53:03.095 [main] ExitTest - Driver is set up
[INFO ] 2024-06-13 12:53:05.144 [main] ExitTest - Website Opened
[INFO ] 2024-06-13 12:53:05.198 [main] ExitTest - Testing the Gift Card Failure  operation
[INFO ] 2024-06-13 12:53:11.176 [main] ExitTest - Testing of Gift Card Failure operation done
[INFO ] 2024-06-13 12:53:12.283 [main] ExitTest - quitting the driver
[INFO ] 2024-06-13 12:53:14.678 [main] ExitTest - Driver is set up
[INFO ] 2024-06-13 12:53:16.617 [main] ExitTest - Website Opened
[INFO ] 2024-06-13 12:53:16.671 [main] ExitTest - Testing the Checking  operation
[INFO ] 2024-06-13 12:53:18.358 [main] ExitTest - Testing of Checking operation done
[INFO ] 2024-06-13 12:53:19.247 [main] ExitTest - quitting the driver
[INFO ] 2024-06-13 12:53:21.429 [main] ExitTest - Driver is set up
[INFO ] 2024-06-13 12:53:23.464 [main] ExitTest - Website Opened
[INFO ] 2024-06-13 12:53:23.519 [main] ExitTest - Testing the Travel  operation
[INFO ] 2024-06-13 12:53:25.016 [main] ExitTest - Testing of Travel operation done
[INFO ] 2024-06-13 12:53:25.959 [main] ExitTest - quitting the driver
[INFO ] 2024-06-13 12:53:25.960 [main] ExitTest - quitting the driver
[INFO ] 2024-06-13 12:54:53.069 [main] ExitTest - Driver is set up
[INFO ] 2024-06-13 12:54:54.999 [main] ExitTest - Website Opened
[INFO ] 2024-06-13 12:54:55.224 [main] ExitTest - Checking the Two Wheeler opeartion
[INFO ] 2024-06-13 12:55:06.524 [main] ExitTest - quitting the driver
[INFO ] 2024-06-13 12:55:06.524 [main] ExitTest - quitting the driver
[ERROR] 2024-06-13 12:58:58.911 [main] ExitTest - Test operation is not active for the search
[ERROR] 2024-06-13 12:58:58.921 [main] ExitTest - Searching is not activated
[INFO ] 2024-06-13 12:59:02.483 [main] ExitTest - Driver is set up
[INFO ] 2024-06-13 12:59:04.475 [main] ExitTest - Website Opened
[INFO ] 2024-06-13 12:59:04.548 [main] ExitTest - Grocery Testing is being performed
[INFO ] 2024-06-13 12:59:09.657 [main] ExitTest - Grocery testing is completed
[INFO ] 2024-06-13 12:59:10.414 [main] ExitTest - quitting the driver
[INFO ] 2024-06-13 12:59:12.789 [main] ExitTest - Driver is set up
[INFO ] 2024-06-13 12:59:14.957 [main] ExitTest - Website Opened
[INFO ] 2024-06-13 12:59:15.020 [main] ExitTest - Performing add to item testing opeartion
[INFO ] 2024-06-13 12:59:24.140 [main] ExitTest - Add to cart performed successfully
[INFO ] 2024-06-13 12:59:25.088 [main] ExitTest - quitting the driver
[INFO ] 2024-06-13 12:59:27.536 [main] ExitTest - Driver is set up
[INFO ] 2024-06-13 12:59:29.404 [main] ExitTest - Website Opened
[INFO ] 2024-06-13 12:59:29.459 [main] ExitTest - Performing become a seller testigng
[INFO ] 2024-06-13 12:59:39.914 [main] ExitTest - Seller testing completed
[INFO ] 2024-06-13 12:59:41.476 [main] ExitTest - quitting the driver
[INFO ] 2024-06-13 12:59:44.051 [main] ExitTest - Driver is set up
[INFO ] 2024-06-13 12:59:45.957 [main] ExitTest - Website Opened
[INFO ] 2024-06-13 12:59:46.012 [main] ExitTest - Performing the Fashion testing
[INFO ] 2024-06-13 13:00:04.087 [main] ExitTest - quitting the driver
[INFO ] 2024-06-13 13:00:06.734 [main] ExitTest - Driver is set up
[INFO ] 2024-06-13 13:00:08.716 [main] ExitTest - Website Opened
[INFO ] 2024-06-13 13:00:08.781 [main] ExitTest - Checking the notification opeartion
[INFO ] 2024-06-13 13:00:11.002 [main] ExitTest - Notification opeartion checking done
[INFO ] 2024-06-13 13:00:11.947 [main] ExitTest - quitting the driver
[INFO ] 2024-06-13 13:00:14.289 [main] ExitTest - Driver is set up
[INFO ] 2024-06-13 13:00:16.227 [main] ExitTest - Website Opened
[INFO ] 2024-06-13 13:00:16.280 [main] ExitTest - Checking the Two Wheeler opeartion
[INFO ] 2024-06-13 13:00:29.215 [main] ExitTest - quitting the driver
[INFO ] 2024-06-13 13:00:29.215 [main] ExitTest - quitting the driver
[INFO ] 2024-06-13 13:00:31.702 [main] ExitTest - Driver is set up
[INFO ] 2024-06-13 13:00:33.675 [main] ExitTest - Website Opened
[INFO ] 2024-06-13 13:00:33.842 [main] ExitTest - Electronics Testing is being performed
[INFO ] 2024-06-13 13:00:48.176 [main] ExitTest - quitting the driver
[INFO ] 2024-06-13 13:00:50.574 [main] ExitTest - Driver is set up
[INFO ] 2024-06-13 13:00:52.485 [main] ExitTest - Website Opened
[INFO ] 2024-06-13 13:00:52.539 [main] ExitTest - Rewards Testing is being performed
[INFO ] 2024-06-13 13:00:54.275 [main] ExitTest - Rewards testing is completed
[INFO ] 2024-06-13 13:00:54.947 [main] ExitTest - quitting the driver
[INFO ] 2024-06-13 13:00:57.548 [main] ExitTest - Driver is set up
[INFO ] 2024-06-13 13:00:59.588 [main] ExitTest - Website Opened
[INFO ] 2024-06-13 13:00:59.651 [main] ExitTest - Checking footer Careers section
[INFO ] 2024-06-13 13:01:05.057 [main] ExitTest - Careers section testing done
[INFO ] 2024-06-13 13:01:06.307 [main] ExitTest - quitting the driver
[INFO ] 2024-06-13 13:01:09.021 [main] ExitTest - Driver is set up
[INFO ] 2024-06-13 13:01:11.200 [main] ExitTest - Website Opened
[INFO ] 2024-06-13 13:01:11.246 [main] ExitTest - Testing the login operation
[INFO ] 2024-06-13 13:01:13.195 [main] ExitTest - quitting the driver
[INFO ] 2024-06-13 13:01:15.511 [main] ExitTest - Driver is set up
[INFO ] 2024-06-13 13:01:17.371 [main] ExitTest - Website Opened
[INFO ] 2024-06-13 13:01:17.429 [main] ExitTest - Testing the signup operation
[INFO ] 2024-06-13 13:01:21.667 [main] ExitTest - quitting the driver
[INFO ] 2024-06-13 13:01:23.930 [main] ExitTest - Driver is set up
[INFO ] 2024-06-13 13:01:26.014 [main] ExitTest - Website Opened
[INFO ] 2024-06-13 13:01:26.187 [main] ExitTest - Testing the shopsy site operation
[INFO ] 2024-06-13 13:01:29.203 [main] ExitTest - Testing of shopsy site operation done
[INFO ] 2024-06-13 13:01:30.269 [main] ExitTest - quitting the driver
[INFO ] 2024-06-13 13:01:32.648 [main] ExitTest - Driver is set up
[INFO ] 2024-06-13 13:01:34.665 [main] ExitTest - Website Opened
[INFO ] 2024-06-13 13:01:34.719 [main] ExitTest - Testing the corporate website operation
[INFO ] 2024-06-13 13:01:36.548 [main] ExitTest - Testing of corporate website operation done
[INFO ] 2024-06-13 13:01:37.566 [main] ExitTest - quitting the driver
[INFO ] 2024-06-13 13:01:37.567 [main] ExitTest - quitting the driver
[INFO ] 2024-06-13 13:01:40.053 [main] ExitTest - Driver is set up
[INFO ] 2024-06-13 13:01:42.079 [main] ExitTest - Website Opened
[INFO ] 2024-06-13 13:01:42.137 [main] ExitTest - Testing the Advertising  operation
[INFO ] 2024-06-13 13:01:45.125 [main] ExitTest - Testing of Advertising operation done
[INFO ] 2024-06-13 13:01:46.063 [main] ExitTest - quitting the driver
[INFO ] 2024-06-13 13:01:48.243 [main] ExitTest - Driver is set up
[INFO ] 2024-06-13 13:01:50.171 [main] ExitTest - Website Opened
[INFO ] 2024-06-13 13:01:50.229 [main] ExitTest - Testing the Furniture  operation
[INFO ] 2024-06-13 13:02:01.803 [main] ExitTest - quitting the driver
[INFO ] 2024-06-13 13:02:03.880 [main] ExitTest - Driver is set up
[INFO ] 2024-06-13 13:02:06.169 [main] ExitTest - Website Opened
[INFO ] 2024-06-13 13:02:06.225 [main] ExitTest - Testing the Gift Card  operation
[INFO ] 2024-06-13 13:02:09.855 [main] ExitTest - Testing of Gift Card operation done
[INFO ] 2024-06-13 13:02:11.026 [main] ExitTest - quitting the driver
[INFO ] 2024-06-13 13:02:13.528 [main] ExitTest - Driver is set up
[INFO ] 2024-06-13 13:02:15.348 [main] ExitTest - Website Opened
[INFO ] 2024-06-13 13:02:15.402 [main] ExitTest - Testing the Gift Card Failure  operation
[INFO ] 2024-06-13 13:02:21.436 [main] ExitTest - Testing of Gift Card Failure operation done
[INFO ] 2024-06-13 13:02:22.544 [main] ExitTest - quitting the driver
[INFO ] 2024-06-13 13:02:24.948 [main] ExitTest - Driver is set up
[INFO ] 2024-06-13 13:02:27.158 [main] ExitTest - Website Opened
[INFO ] 2024-06-13 13:02:27.207 [main] ExitTest - Testing the Checking  operation
[INFO ] 2024-06-13 13:02:29.095 [main] ExitTest - Testing of Checking operation done
[INFO ] 2024-06-13 13:02:30.019 [main] ExitTest - quitting the driver
[INFO ] 2024-06-13 13:02:32.288 [main] ExitTest - Driver is set up
[INFO ] 2024-06-13 13:02:34.270 [main] ExitTest - Website Opened
[INFO ] 2024-06-13 13:02:34.331 [main] ExitTest - Testing the Travel  operation
[INFO ] 2024-06-13 13:02:36.113 [main] ExitTest - Testing of Travel operation done
[INFO ] 2024-06-13 13:02:37.150 [main] ExitTest - quitting the driver
[INFO ] 2024-06-13 13:02:37.152 [main] ExitTest - quitting the driver
